<?xml version="1.0" encoding="UTF-8"?>
<testsuite name="com.github.wenbo2018.web.test.UserServiceTest" time="0.387" tests="5" errors="0" skipped="0" failures="3">
  <properties>
[...]
</properties>
  <testcase name="test_loadUserByUserId_2" classname="com.github.wenbo2018.web.test.UserServiceTest" time="0.131"/>
  <testcase name="loadUserByToken" classname="com.github.wenbo2018.web.test.UserServiceTest" time="0.045">
    <failure type="java.lang.AssertionError:">java.lang.AssertionError: null
	at org.junit.Assert.fail(Assert.java:86)
	at org.junit.Assert.assertTrue(Assert.java:41)
	at org.junit.Assert.assertTrue(Assert.java:52)
	at com.github.wenbo2018.web.test.UserServiceTest.loadUserByToken(UserServiceTest.java:49)
</failure>
  </testcase>
  <testcase name="updateUserTokenByUserId" classname="com.github.wenbo2018.web.test.UserServiceTest" time="0.138"/>
  <testcase name="test_loadUserByUserNameAndPassWord_3" classname="com.github.wenbo2018.web.test.UserServiceTest" time="0.038">
    <failure type="java.lang.AssertionError:">java.lang.AssertionError: null
	at org.junit.Assert.fail(Assert.java:86)
	at org.junit.Assert.assertTrue(Assert.java:41)
	at org.junit.Assert.assertTrue(Assert.java:52)
	at com.github.wenbo2018.web.test.UserServiceTest.test_loadUserByUserNameAndPassWord_3(UserServiceTest.java:37)
</failure>
  </testcase>
  <testcase name="loadUserByUserName" classname="com.github.wenbo2018.web.test.UserServiceTest" time="0.035">
    <failure type="java.lang.AssertionError:">java.lang.AssertionError: null
	at org.junit.Assert.fail(Assert.java:86)
	at org.junit.Assert.assertTrue(Assert.java:41)
	at org.junit.Assert.assertTrue(Assert.java:52)
	at com.github.wenbo2018.web.test.UserServiceTest.loadUserByUserName(UserServiceTest.java:42)
</failure>
  </testcase>
</testsuite>